Arguments: 
  /Users/ims/.nvm/versions/node/v12.8.1/bin/node /usr/local/bin/yarn add @nger/di

PATH: 
  /Users/ims/.nvm/versions/node/v12.8.1/bin:/Users/ims/bin:/usr/local/bin:/Library/Frameworks/Python.framework/Versions/3.8/bin:/usr/local/bin:/usr/bin:/bin:/usr/sbin:/sbin:/usr/local/share/dotnet:~/.dotnet/tools:/Users/ims/.nvm/versions/node/v12.8.1/bin:/Users/ims/bin:/Library/Frameworks/Python.framework/Versions/3.8/bin

Yarn version: 
  1.13.0

Node version: 
  12.8.1

Platform: 
  darwin x64

Trace: 
  Error: Client network socket disconnected before secure TLS connection was established
      at connResetException (internal/errors.js:559:14)
      at TLSSocket.onConnectEnd (_tls_wrap.js:1357:19)
      at Object.onceWrapper (events.js:291:20)
      at TLSSocket.emit (events.js:208:15)
      at endReadableNT (_stream_readable.js:1168:12)
      at processTicksAndRejections (internal/process/task_queues.js:77:11)

npm manifest: 
  {
      "name": "@nger/core",
      "version": "1.3.4",
      "description": "> TODO: description",
      "author": "imeepos <1037483576@qq.com>",
      "homepage": "https://github.com/meepobrother/nger-core#readme",
      "license": "ISC",
      "main": "lib/index.js",
      "types": "lib/index.d.ts",
      "directories": {
          "lib": "lib",
          "test": "__tests__"
      },
      "files": [
          "lib"
      ],
      "publishConfig": {
          "registry": "http://registry.npmjs.org",
          "access": "public"
      },
      "repository": {
          "type": "git",
          "url": "git+https://github.com/meepobrother/nger-core.git"
      },
      "scripts": {
          "test": "echo \"Error: run tests from root\" && exit 1"
      },
      "bugs": {
          "url": "https://github.com/meepobrother/nger-core/issues"
      },
      "dependencies": {
          "@nger/di": "^1.2.8"
      }
  }

yarn manifest: 
  No manifest

Lockfile: 
  # THIS IS AN AUTOGENERATED FILE. DO NOT EDIT THIS FILE DIRECTLY.
  # yarn lockfile v1
  
  
  "@nger/decorator@^1.1.4":
    version "1.1.4"
    resolved "https://registry.yarnpkg.com/@nger/decorator/-/decorator-1.1.4.tgz#098f3a3409c2c745f4a45f52b74c45cd95d80f70"
    integrity sha512-hgnBpHg+n6BJWKP/yirXwek7U4GDbRf7gdlL9jpnbRRu9NvxmzLiJnH0RkonOjmKnOOHIsy1Mrw5emTPWH4/rw==
    dependencies:
      reflect-metadata "^0.1.13"
  
  "@nger/di@^1.2.8":
    version "1.2.8"
    resolved "https://registry.yarnpkg.com/@nger/di/-/di-1.2.8.tgz#0d41ee43a65f6168c3332e47408e1f6ce5bf5108"
    integrity sha512-7LZPK9xW/m6OZ9jKRcWYNAPV+5kyRwi+/eOwoplbwv+qUcj9MDhEHh5g0moBV19h+MeB0z/xDMhMtTTlC5MxpA==
    dependencies:
      "@nger/decorator" "^1.1.4"
  
  reflect-metadata@^0.1.13:
    version "0.1.13"
    resolved "https://registry.yarnpkg.com/reflect-metadata/-/reflect-metadata-0.1.13.tgz#67ae3ca57c972a2aa1642b10fe363fe32d49dc08"
    integrity sha512-Ts1Y/anZELhSsjMcU605fU9RE4Oi3p5ORujwbIKXfWa+0Zxs510Qrmrce5/Jowq3cHSZSJqBjypxmHarc+vEWg==
